# JRE version: Java(TM) SE Runtime Environment (8.0_66-b18) (build 1.8.0_66-b18)
# Java VM: Java HotSpot(TM) 64-Bit Server VM (25.66-b18 mixed mode windows-amd64 compressed oops)
Heap:
 PSYoungGen      total 158208K, used 19932K [0x00000000eab00000, 0x00000000f5b00000, 0x0000000100000000)
  eden space 136192K, 13% used [0x00000000eab00000,0x00000000ebd071d0,0x00000000f3000000)
  from space 22016K, 6% used [0x00000000f4580000,0x00000000f46f0000,0x00000000f5b00000)
  to   space 17408K, 0% used [0x00000000f3000000,0x00000000f3000000,0x00000000f4100000)
 ParOldGen       total 106496K, used 38631K [0x00000000c0000000, 0x00000000c6800000, 0x00000000eab00000)
  object space 106496K, 36% used [0x00000000c0000000,0x00000000c25b9cf8,0x00000000c6800000)
 Metaspace       used 43243K, capacity 44994K, committed 45056K, reserved 1087488K
  class space    used 5949K, capacity 6344K, committed 6400K, reserved 1048576K
GC Heap History (10 events):
Event: 10.339 GC heap before
{Heap before GC invocations=11 (full 2):
 PSYoungGen      total 124416K, used 12258K [0x00000000eab00000, 0x00000000f5100000, 0x0000000100000000)
  eden space 112128K, 0% used [0x00000000eab00000,0x00000000eab00000,0x00000000f1880000)
  from space 12288K, 99% used [0x00000000f1880000,0x00000000f2478a78,0x00000000f2480000)
  to   space 15360K, 0% used [0x00000000f4200000,0x00000000f4200000,0x00000000f5100000)
 ParOldGen       total 65536K, used 14840K [0x00000000c0000000, 0x00000000c4000000, 0x00000000eab00000)
  object space 65536K, 22% used [0x00000000c0000000,0x00000000c0e7e050,0x00000000c4000000)
 Metaspace       used 34650K, capacity 35386K, committed 35496K, reserved 1079296K
  class space    used 4637K, capacity 4863K, committed 4864K, reserved 1048576K
Event: 10.533 GC heap after
Heap after GC invocations=11 (full 2):
 PSYoungGen      total 124416K, used 0K [0x00000000eab00000, 0x00000000f5100000, 0x0000000100000000)
  eden space 112128K, 0% used [0x00000000eab00000,0x00000000eab00000,0x00000000f1880000)
  from space 12288K, 0% used [0x00000000f1880000,0x00000000f1880000,0x00000000f2480000)
  to   space 15360K, 0% used [0x00000000f4200000,0x00000000f4200000,0x00000000f5100000)
 ParOldGen       total 106496K, used 20578K [0x00000000c0000000, 0x00000000c6800000, 0x00000000eab00000)
  object space 106496K, 19% used [0x00000000c0000000,0x00000000c14189f0,0x00000000c6800000)
 Metaspace       used 34631K, capacity 35364K, committed 35496K, reserved 1079296K
  class space    used 4631K, capacity 4857K, committed 4864K, reserved 1048576K
}
Event: 12.448 GC heap before
{Heap before GC invocations=12 (full 2):
 PSYoungGen      total 124416K, used 112128K [0x00000000eab00000, 0x00000000f5100000, 0x0000000100000000)
  eden space 112128K, 100% used [0x00000000eab00000,0x00000000f1880000,0x00000000f1880000)
  from space 12288K, 0% used [0x00000000f1880000,0x00000000f1880000,0x00000000f2480000)
  to   space 15360K, 0% used [0x00000000f4200000,0x00000000f4200000,0x00000000f5100000)
 ParOldGen       total 106496K, used 20578K [0x00000000c0000000, 0x00000000c6800000, 0x00000000eab00000)
  object space 106496K, 19% used [0x00000000c0000000,0x00000000c14189f0,0x00000000c6800000)
 Metaspace       used 38990K, capacity 39926K, committed 40192K, reserved 1083392K
  class space    used 5295K, capacity 5529K, committed 5632K, reserved 1048576K
Event: 12.484 GC heap after
Heap after GC invocations=12 (full 2):
 PSYoungGen      total 151552K, used 14737K [0x00000000eab00000, 0x00000000f5200000, 0x0000000100000000)
  eden space 136192K, 0% used [0x00000000eab00000,0x00000000eab00000,0x00000000f3000000)
  from space 15360K, 95% used [0x00000000f4200000,0x00000000f50646d0,0x00000000f5100000)
  to   space 17408K, 0% used [0x00000000f3000000,0x00000000f3000000,0x00000000f4100000)
 ParOldGen       total 106496K, used 20586K [0x00000000c0000000, 0x00000000c6800000, 0x00000000eab00000)
  object space 106496K, 19% used [0x00000000c0000000,0x00000000c141a9f0,0x00000000c6800000)
 Metaspace       used 38990K, capacity 39926K, committed 40192K, reserved 1083392K
  class space    used 5295K, capacity 5529K, committed 5632K, reserved 1048576K
}
Event: 14.802 GC heap before
{Heap before GC invocations=13 (full 2):
 PSYoungGen      total 151552K, used 120994K [0x00000000eab00000, 0x00000000f5200000, 0x0000000100000000)
  eden space 136192K, 78% used [0x00000000eab00000,0x00000000f12c4430,0x00000000f3000000)
  from space 15360K, 95% used [0x00000000f4200000,0x00000000f50646d0,0x00000000f5100000)
  to   space 17408K, 0% used [0x00000000f3000000,0x00000000f3000000,0x00000000f4100000)
 ParOldGen       total 106496K, used 20586K [0x00000000c0000000, 0x00000000c6800000, 0x00000000eab00000)
  object space 106496K, 19% used [0x00000000c0000000,0x00000000c141a9f0,0x00000000c6800000)
 Metaspace       used 42779K, capacity 44328K, committed 44544K, reserved 1087488K
  class space    used 5921K, capacity 6311K, committed 6400K, reserved 1048576K
Event: 14.887 GC heap after
Heap after GC invocations=13 (full 2):
 PSYoungGen      total 153600K, used 17387K [0x00000000eab00000, 0x00000000f5b00000, 0x0000000100000000)
  eden space 136192K, 0% used [0x00000000eab00000,0x00000000eab00000,0x00000000f3000000)
  from space 17408K, 99% used [0x00000000f3000000,0x00000000f40fad30,0x00000000f4100000)
  to   space 22016K, 0% used [0x00000000f4580000,0x00000000f4580000,0x00000000f5b00000)
 ParOldGen       total 106496K, used 25938K [0x00000000c0000000, 0x00000000c6800000, 0x00000000eab00000)
  object space 106496K, 24% used [0x00000000c0000000,0x00000000c19548a8,0x00000000c6800000)
 Metaspace       used 42779K, capacity 44328K, committed 44544K, reserved 1087488K
  class space    used 5921K, capacity 6311K, committed 6400K, reserved 1048576K
}
Event: 14.887 GC heap before
{Heap before GC invocations=14 (full 3):
 PSYoungGen      total 153600K, used 17387K [0x00000000eab00000, 0x00000000f5b00000, 0x0000000100000000)
  eden space 136192K, 0% used [0x00000000eab00000,0x00000000eab00000,0x00000000f3000000)
  from space 17408K, 99% used [0x00000000f3000000,0x00000000f40fad30,0x00000000f4100000)
  to   space 22016K, 0% used [0x00000000f4580000,0x00000000f4580000,0x00000000f5b00000)
 ParOldGen       total 106496K, used 25938K [0x00000000c0000000, 0x00000000c6800000, 0x00000000eab00000)
  object space 106496K, 24% used [0x00000000c0000000,0x00000000c19548a8,0x00000000c6800000)
 Metaspace       used 42779K, capacity 44328K, committed 44544K, reserved 1087488K
  class space    used 5921K, capacity 6311K, committed 6400K, reserved 1048576K
Event: 15.492 GC heap after
Heap after GC invocations=14 (full 3):
 PSYoungGen      total 153600K, used 0K [0x00000000eab00000, 0x00000000f5b00000, 0x0000000100000000)
  eden space 136192K, 0% used [0x00000000eab00000,0x00000000eab00000,0x00000000f3000000)
  from space 17408K, 0% used [0x00000000f3000000,0x00000000f3000000,0x00000000f4100000)
  to   space 22016K, 0% used [0x00000000f4580000,0x00000000f4580000,0x00000000f5b00000)
 ParOldGen       total 106496K, used 38623K [0x00000000c0000000, 0x00000000c6800000, 0x00000000eab00000)
  object space 106496K, 36% used [0x00000000c0000000,0x00000000c25b7cf8,0x00000000c6800000)
 Metaspace       used 42779K, capacity 44328K, committed 44544K, reserved 1087488K
  class space    used 5921K, capacity 6311K, committed 6400K, reserved 1048576K
}
Event: 55.743 GC heap before
{Heap before GC invocations=15 (full 3):
 PSYoungGen      total 153600K, used 136192K [0x00000000eab00000, 0x00000000f5b00000, 0x0000000100000000)
  eden space 136192K, 100% used [0x00000000eab00000,0x00000000f3000000,0x00000000f3000000)
  from space 17408K, 0% used [0x00000000f3000000,0x00000000f3000000,0x00000000f4100000)
  to   space 22016K, 0% used [0x00000000f4580000,0x00000000f4580000,0x00000000f5b00000)
 ParOldGen       total 106496K, used 38623K [0x00000000c0000000, 0x00000000c6800000, 0x00000000eab00000)
  object space 106496K, 36% used [0x00000000c0000000,0x00000000c25b7cf8,0x00000000c6800000)
 Metaspace       used 43179K, capacity 44930K, committed 45056K, reserved 1087488K
  class space    used 5948K, capacity 6344K, committed 6400K, reserved 1048576K
Event: 55.748 GC heap after
Heap after GC invocations=15 (full 3):
 PSYoungGen      total 158208K, used 1472K [0x00000000eab00000, 0x00000000f5b00000, 0x0000000100000000)
  eden space 136192K, 0% used [0x00000000eab00000,0x00000000eab00000,0x00000000f3000000)
  from space 22016K, 6% used [0x00000000f4580000,0x00000000f46f0000,0x00000000f5b00000)
  to   space 17408K, 0% used [0x00000000f3000000,0x00000000f3000000,0x00000000f4100000)
 ParOldGen       total 106496K, used 38631K [0x00000000c0000000, 0x00000000c6800000, 0x00000000eab00000)
  object space 106496K, 36% used [0x00000000c0000000,0x00000000c25b9cf8,0x00000000c6800000)
 Metaspace       used 43179K, capacity 44930K, committed 45056K, reserved 1087488K
  class space    used 5948K, capacity 6344K, committed 6400K, reserved 1048576K
}

