# JRE version: Java(TM) SE Runtime Environment (8.0_66-b18) (build 1.8.0_66-b18)
# Java VM: Java HotSpot(TM) 64-Bit Server VM (25.66-b18 mixed mode windows-amd64 compressed oops)
Heap:
 PSYoungGen      total 167936K, used 27238K [0x00000000eab00000, 0x00000000f6380000, 0x0000000100000000)
  eden space 152576K, 7% used [0x00000000eab00000,0x00000000eb69dca8,0x00000000f4000000)
  from space 15360K, 99% used [0x00000000f5180000,0x00000000f607be90,0x00000000f6080000)
  to   space 17920K, 0% used [0x00000000f4000000,0x00000000f4000000,0x00000000f5180000)
 ParOldGen       total 59392K, used 21248K [0x00000000c0000000, 0x00000000c3a00000, 0x00000000eab00000)
  object space 59392K, 35% used [0x00000000c0000000,0x00000000c14c0008,0x00000000c3a00000)
 Metaspace       used 40043K, capacity 40982K, committed 41088K, reserved 1085440K
  class space    used 5453K, capacity 5655K, committed 5760K, reserved 1048576K
GC Heap History (10 events):
Event: 6.554 GC heap before
{Heap before GC invocations=8 (full 1):
 PSYoungGen      total 97280K, used 88992K [0x00000000eab00000, 0x00000000f1500000, 0x0000000100000000)
  eden space 87040K, 100% used [0x00000000eab00000,0x00000000f0000000,0x00000000f0000000)
  from space 10240K, 19% used [0x00000000f0b00000,0x00000000f0ce8030,0x00000000f1500000)
  to   space 10752K, 0% used [0x00000000f0000000,0x00000000f0000000,0x00000000f0a80000)
 ParOldGen       total 59392K, used 8266K [0x00000000c0000000, 0x00000000c3a00000, 0x00000000eab00000)
  object space 59392K, 13% used [0x00000000c0000000,0x00000000c0812b90,0x00000000c3a00000)
 Metaspace       used 23832K, capacity 24340K, committed 24576K, reserved 1071104K
  class space    used 3089K, capacity 3238K, committed 3328K, reserved 1048576K
Event: 6.574 GC heap after
Heap after GC invocations=8 (full 1):
 PSYoungGen      total 97792K, used 5176K [0x00000000eab00000, 0x00000000f3a00000, 0x0000000100000000)
  eden space 87040K, 0% used [0x00000000eab00000,0x00000000eab00000,0x00000000f0000000)
  from space 10752K, 48% used [0x00000000f0000000,0x00000000f050e2b0,0x00000000f0a80000)
  to   space 10240K, 0% used [0x00000000f3000000,0x00000000f3000000,0x00000000f3a00000)
 ParOldGen       total 59392K, used 8274K [0x00000000c0000000, 0x00000000c3a00000, 0x00000000eab00000)
  object space 59392K, 13% used [0x00000000c0000000,0x00000000c0814b90,0x00000000c3a00000)
 Metaspace       used 23832K, capacity 24340K, committed 24576K, reserved 1071104K
  class space    used 3089K, capacity 3238K, committed 3328K, reserved 1048576K
}
Event: 8.711 GC heap before
{Heap before GC invocations=9 (full 1):
 PSYoungGen      total 97792K, used 92216K [0x00000000eab00000, 0x00000000f3a00000, 0x0000000100000000)
  eden space 87040K, 100% used [0x00000000eab00000,0x00000000f0000000,0x00000000f0000000)
  from space 10752K, 48% used [0x00000000f0000000,0x00000000f050e2b0,0x00000000f0a80000)
  to   space 10240K, 0% used [0x00000000f3000000,0x00000000f3000000,0x00000000f3a00000)
 ParOldGen       total 59392K, used 8274K [0x00000000c0000000, 0x00000000c3a00000, 0x00000000eab00000)
  object space 59392K, 13% used [0x00000000c0000000,0x00000000c0814b90,0x00000000c3a00000)
 Metaspace       used 30087K, capacity 30708K, committed 30848K, reserved 1075200K
  class space    used 3996K, capacity 4158K, committed 4224K, reserved 1048576K
Event: 8.738 GC heap after
Heap after GC invocations=9 (full 1):
 PSYoungGen      total 134144K, used 10218K [0x00000000eab00000, 0x00000000f3d00000, 0x0000000100000000)
  eden space 123904K, 0% used [0x00000000eab00000,0x00000000eab00000,0x00000000f2400000)
  from space 10240K, 99% used [0x00000000f3000000,0x00000000f39fa868,0x00000000f3a00000)
  to   space 12288K, 0% used [0x00000000f2400000,0x00000000f2400000,0x00000000f3000000)
 ParOldGen       total 59392K, used 9258K [0x00000000c0000000, 0x00000000c3a00000, 0x00000000eab00000)
  object space 59392K, 15% used [0x00000000c0000000,0x00000000c090a9a8,0x00000000c3a00000)
 Metaspace       used 30087K, capacity 30708K, committed 30848K, reserved 1075200K
  class space    used 3996K, capacity 4158K, committed 4224K, reserved 1048576K
}
Event: 10.739 GC heap before
{Heap before GC invocations=10 (full 1):
 PSYoungGen      total 134144K, used 93895K [0x00000000eab00000, 0x00000000f3d00000, 0x0000000100000000)
  eden space 123904K, 67% used [0x00000000eab00000,0x00000000efcb7410,0x00000000f2400000)
  from space 10240K, 99% used [0x00000000f3000000,0x00000000f39fa868,0x00000000f3a00000)
  to   space 12288K, 0% used [0x00000000f2400000,0x00000000f2400000,0x00000000f3000000)
 ParOldGen       total 59392K, used 9258K [0x00000000c0000000, 0x00000000c3a00000, 0x00000000eab00000)
  object space 59392K, 15% used [0x00000000c0000000,0x00000000c090a9a8,0x00000000c3a00000)
 Metaspace       used 34661K, capacity 35418K, committed 35496K, reserved 1079296K
  class space    used 4628K, capacity 4831K, committed 4864K, reserved 1048576K
Event: 10.763 GC heap after
Heap after GC invocations=10 (full 1):
 PSYoungGen      total 136192K, used 12279K [0x00000000eab00000, 0x00000000f6080000, 0x0000000100000000)
  eden space 123904K, 0% used [0x00000000eab00000,0x00000000eab00000,0x00000000f2400000)
  from space 12288K, 99% used [0x00000000f2400000,0x00000000f2ffdcc0,0x00000000f3000000)
  to   space 15360K, 0% used [0x00000000f5180000,0x00000000f5180000,0x00000000f6080000)
 ParOldGen       total 59392K, used 11356K [0x00000000c0000000, 0x00000000c3a00000, 0x00000000eab00000)
  object space 59392K, 19% used [0x00000000c0000000,0x00000000c0b171b0,0x00000000c3a00000)
 Metaspace       used 34661K, capacity 35418K, committed 35496K, reserved 1079296K
  class space    used 4628K, capacity 4831K, committed 4864K, reserved 1048576K
}
Event: 10.763 GC heap before
{Heap before GC invocations=11 (full 2):
 PSYoungGen      total 136192K, used 12279K [0x00000000eab00000, 0x00000000f6080000, 0x0000000100000000)
  eden space 123904K, 0% used [0x00000000eab00000,0x00000000eab00000,0x00000000f2400000)
  from space 12288K, 99% used [0x00000000f2400000,0x00000000f2ffdcc0,0x00000000f3000000)
  to   space 15360K, 0% used [0x00000000f5180000,0x00000000f5180000,0x00000000f6080000)
 ParOldGen       total 59392K, used 11356K [0x00000000c0000000, 0x00000000c3a00000, 0x00000000eab00000)
  object space 59392K, 19% used [0x00000000c0000000,0x00000000c0b171b0,0x00000000c3a00000)
 Metaspace       used 34661K, capacity 35418K, committed 35496K, reserved 1079296K
  class space    used 4628K, capacity 4831K, committed 4864K, reserved 1048576K
Event: 10.907 GC heap after
Heap after GC invocations=11 (full 2):
 PSYoungGen      total 136192K, used 0K [0x00000000eab00000, 0x00000000f6080000, 0x0000000100000000)
  eden space 123904K, 0% used [0x00000000eab00000,0x00000000eab00000,0x00000000f2400000)
  from space 12288K, 0% used [0x00000000f2400000,0x00000000f2400000,0x00000000f3000000)
  to   space 15360K, 0% used [0x00000000f5180000,0x00000000f5180000,0x00000000f6080000)
 ParOldGen       total 59392K, used 20461K [0x00000000c0000000, 0x00000000c3a00000, 0x00000000eab00000)
  object space 59392K, 34% used [0x00000000c0000000,0x00000000c13fb4f8,0x00000000c3a00000)
 Metaspace       used 34641K, capacity 35396K, committed 35496K, reserved 1079296K
  class space    used 4622K, capacity 4825K, committed 4864K, reserved 1048576K
}
Event: 13.211 GC heap before
{Heap before GC invocations=12 (full 2):
 PSYoungGen      total 136192K, used 123904K [0x00000000eab00000, 0x00000000f6080000, 0x0000000100000000)
  eden space 123904K, 100% used [0x00000000eab00000,0x00000000f2400000,0x00000000f2400000)
  from space 12288K, 0% used [0x00000000f2400000,0x00000000f2400000,0x00000000f3000000)
  to   space 15360K, 0% used [0x00000000f5180000,0x00000000f5180000,0x00000000f6080000)
 ParOldGen       total 59392K, used 20461K [0x00000000c0000000, 0x00000000c3a00000, 0x00000000eab00000)
  object space 59392K, 34% used [0x00000000c0000000,0x00000000c13fb4f8,0x00000000c3a00000)
 Metaspace       used 39504K, capacity 40416K, committed 40704K, reserved 1085440K
  class space    used 5370K, capacity 5581K, committed 5632K, reserved 1048576K
Event: 13.238 GC heap after
Heap after GC invocations=12 (full 2):
 PSYoungGen      total 167936K, used 15343K [0x00000000eab00000, 0x00000000f6380000, 0x0000000100000000)
  eden space 152576K, 0% used [0x00000000eab00000,0x00000000eab00000,0x00000000f4000000)
  from space 15360K, 99% used [0x00000000f5180000,0x00000000f607be90,0x00000000f6080000)
  to   space 17920K, 0% used [0x00000000f4000000,0x00000000f4000000,0x00000000f5180000)
 ParOldGen       total 59392K, used 21248K [0x00000000c0000000, 0x00000000c3a00000, 0x00000000eab00000)
  object space 59392K, 35% used [0x00000000c0000000,0x00000000c14c0008,0x00000000c3a00000)
 Metaspace       used 39504K, capacity 40416K, committed 40704K, reserved 1085440K
  class space    used 5370K, capacity 5581K, committed 5632K, reserved 1048576K
}

