# JRE version: Java(TM) SE Runtime Environment (8.0_66-b18) (build 1.8.0_66-b18)
# Java VM: Java HotSpot(TM) 64-Bit Server VM (25.66-b18 mixed mode windows-amd64 compressed oops)
Heap:
 PSYoungGen      total 132096K, used 48744K [0x00000000eab00000, 0x00000000f3f00000, 0x0000000100000000)
  eden space 117760K, 41% used [0x00000000eab00000,0x00000000eda9a320,0x00000000f1e00000)
  from space 14336K, 0% used [0x00000000f2d00000,0x00000000f2d00000,0x00000000f3b00000)
  to   space 15360K, 0% used [0x00000000f1e00000,0x00000000f1e00000,0x00000000f2d00000)
 ParOldGen       total 90112K, used 17624K [0x00000000c0000000, 0x00000000c5800000, 0x00000000eab00000)
  object space 90112K, 19% used [0x00000000c0000000,0x00000000c1136298,0x00000000c5800000)
 Metaspace       used 36652K, capacity 37508K, committed 37760K, reserved 1081344K
  class space    used 4917K, capacity 5140K, committed 5248K, reserved 1048576K
GC Heap History (10 events):
Event: 15.249 GC heap before
{Heap before GC invocations=10 (full 1):
 PSYoungGen      total 73216K, used 64576K [0x00000000eab00000, 0x00000000f0600000, 0x0000000100000000)
  eden space 62464K, 100% used [0x00000000eab00000,0x00000000ee800000,0x00000000ee800000)
  from space 10752K, 19% used [0x00000000ef280000,0x00000000ef490030,0x00000000efd00000)
  to   space 10752K, 0% used [0x00000000ee800000,0x00000000ee800000,0x00000000ef280000)
 ParOldGen       total 62976K, used 8268K [0x00000000c0000000, 0x00000000c3d80000, 0x00000000eab00000)
  object space 62976K, 13% used [0x00000000c0000000,0x00000000c0813368,0x00000000c3d80000)
 Metaspace       used 23865K, capacity 24372K, committed 24576K, reserved 1071104K
  class space    used 3124K, capacity 3270K, committed 3328K, reserved 1048576K
Event: 15.258 GC heap after
Heap after GC invocations=10 (full 1):
 PSYoungGen      total 73216K, used 5406K [0x00000000eab00000, 0x00000000f1580000, 0x0000000100000000)
  eden space 62464K, 0% used [0x00000000eab00000,0x00000000eab00000,0x00000000ee800000)
  from space 10752K, 50% used [0x00000000ee800000,0x00000000eed47950,0x00000000ef280000)
  to   space 10240K, 0% used [0x00000000f0b80000,0x00000000f0b80000,0x00000000f1580000)
 ParOldGen       total 62976K, used 8276K [0x00000000c0000000, 0x00000000c3d80000, 0x00000000eab00000)
  object space 62976K, 13% used [0x00000000c0000000,0x00000000c0815368,0x00000000c3d80000)
 Metaspace       used 23865K, capacity 24372K, committed 24576K, reserved 1071104K
  class space    used 3124K, capacity 3270K, committed 3328K, reserved 1048576K
}
Event: 17.324 GC heap before
{Heap before GC invocations=11 (full 1):
 PSYoungGen      total 73216K, used 67870K [0x00000000eab00000, 0x00000000f1580000, 0x0000000100000000)
  eden space 62464K, 100% used [0x00000000eab00000,0x00000000ee800000,0x00000000ee800000)
  from space 10752K, 50% used [0x00000000ee800000,0x00000000eed47950,0x00000000ef280000)
  to   space 10240K, 0% used [0x00000000f0b80000,0x00000000f0b80000,0x00000000f1580000)
 ParOldGen       total 62976K, used 8276K [0x00000000c0000000, 0x00000000c3d80000, 0x00000000eab00000)
  object space 62976K, 13% used [0x00000000c0000000,0x00000000c0815368,0x00000000c3d80000)
 Metaspace       used 28248K, capacity 28866K, committed 29184K, reserved 1075200K
  class space    used 3836K, capacity 3995K, committed 4096K, reserved 1048576K
Event: 17.351 GC heap after
Heap after GC invocations=11 (full 1):
 PSYoungGen      total 97280K, used 10046K [0x00000000eab00000, 0x00000000f1700000, 0x0000000100000000)
  eden space 87040K, 0% used [0x00000000eab00000,0x00000000eab00000,0x00000000f0000000)
  from space 10240K, 98% used [0x00000000f0b80000,0x00000000f154fad0,0x00000000f1580000)
  to   space 11776K, 0% used [0x00000000f0000000,0x00000000f0000000,0x00000000f0b80000)
 ParOldGen       total 62976K, used 8284K [0x00000000c0000000, 0x00000000c3d80000, 0x00000000eab00000)
  object space 62976K, 13% used [0x00000000c0000000,0x00000000c0817368,0x00000000c3d80000)
 Metaspace       used 28248K, capacity 28866K, committed 29184K, reserved 1075200K
  class space    used 3836K, capacity 3995K, committed 4096K, reserved 1048576K
}
Event: 21.548 GC heap before
{Heap before GC invocations=12 (full 1):
 PSYoungGen      total 97280K, used 97086K [0x00000000eab00000, 0x00000000f1700000, 0x0000000100000000)
  eden space 87040K, 100% used [0x00000000eab00000,0x00000000f0000000,0x00000000f0000000)
  from space 10240K, 98% used [0x00000000f0b80000,0x00000000f154fad0,0x00000000f1580000)
  to   space 11776K, 0% used [0x00000000f0000000,0x00000000f0000000,0x00000000f0b80000)
 ParOldGen       total 62976K, used 8284K [0x00000000c0000000, 0x00000000c3d80000, 0x00000000eab00000)
  object space 62976K, 13% used [0x00000000c0000000,0x00000000c0817368,0x00000000c3d80000)
 Metaspace       used 33274K, capacity 34032K, committed 34176K, reserved 1079296K
  class space    used 4464K, capacity 4694K, committed 4736K, reserved 1048576K
Event: 21.575 GC heap after
Heap after GC invocations=12 (full 1):
 PSYoungGen      total 98816K, used 11755K [0x00000000eab00000, 0x00000000f3b00000, 0x0000000100000000)
  eden space 87040K, 0% used [0x00000000eab00000,0x00000000eab00000,0x00000000f0000000)
  from space 11776K, 99% used [0x00000000f0000000,0x00000000f0b7ad20,0x00000000f0b80000)
  to   space 14336K, 0% used [0x00000000f2d00000,0x00000000f2d00000,0x00000000f3b00000)
 ParOldGen       total 62976K, used 9050K [0x00000000c0000000, 0x00000000c3d80000, 0x00000000eab00000)
  object space 62976K, 14% used [0x00000000c0000000,0x00000000c08d69a8,0x00000000c3d80000)
 Metaspace       used 33274K, capacity 34032K, committed 34176K, reserved 1079296K
  class space    used 4464K, capacity 4694K, committed 4736K, reserved 1048576K
}
Event: 22.049 GC heap before
{Heap before GC invocations=13 (full 1):
 PSYoungGen      total 98816K, used 28931K [0x00000000eab00000, 0x00000000f3b00000, 0x0000000100000000)
  eden space 87040K, 19% used [0x00000000eab00000,0x00000000ebbc6228,0x00000000f0000000)
  from space 11776K, 99% used [0x00000000f0000000,0x00000000f0b7ad20,0x00000000f0b80000)
  to   space 14336K, 0% used [0x00000000f2d00000,0x00000000f2d00000,0x00000000f3b00000)
 ParOldGen       total 62976K, used 9050K [0x00000000c0000000, 0x00000000c3d80000, 0x00000000eab00000)
  object space 62976K, 14% used [0x00000000c0000000,0x00000000c08d69a8,0x00000000c3d80000)
 Metaspace       used 34618K, capacity 35386K, committed 35496K, reserved 1079296K
  class space    used 4637K, capacity 4863K, committed 4864K, reserved 1048576K
Event: 22.067 GC heap after
Heap after GC invocations=13 (full 1):
 PSYoungGen      total 132096K, used 10593K [0x00000000eab00000, 0x00000000f3f00000, 0x0000000100000000)
  eden space 117760K, 0% used [0x00000000eab00000,0x00000000eab00000,0x00000000f1e00000)
  from space 14336K, 73% used [0x00000000f2d00000,0x00000000f3758528,0x00000000f3b00000)
  to   space 15360K, 0% used [0x00000000f1e00000,0x00000000f1e00000,0x00000000f2d00000)
 ParOldGen       total 62976K, used 9266K [0x00000000c0000000, 0x00000000c3d80000, 0x00000000eab00000)
  object space 62976K, 14% used [0x00000000c0000000,0x00000000c090c9a8,0x00000000c3d80000)
 Metaspace       used 34618K, capacity 35386K, committed 35496K, reserved 1079296K
  class space    used 4637K, capacity 4863K, committed 4864K, reserved 1048576K
}
Event: 22.067 GC heap before
{Heap before GC invocations=14 (full 2):
 PSYoungGen      total 132096K, used 10593K [0x00000000eab00000, 0x00000000f3f00000, 0x0000000100000000)
  eden space 117760K, 0% used [0x00000000eab00000,0x00000000eab00000,0x00000000f1e00000)
  from space 14336K, 73% used [0x00000000f2d00000,0x00000000f3758528,0x00000000f3b00000)
  to   space 15360K, 0% used [0x00000000f1e00000,0x00000000f1e00000,0x00000000f2d00000)
 ParOldGen       total 62976K, used 9266K [0x00000000c0000000, 0x00000000c3d80000, 0x00000000eab00000)
  object space 62976K, 14% used [0x00000000c0000000,0x00000000c090c9a8,0x00000000c3d80000)
 Metaspace       used 34618K, capacity 35386K, committed 35496K, reserved 1079296K
  class space    used 4637K, capacity 4863K, committed 4864K, reserved 1048576K
Event: 22.216 GC heap after
Heap after GC invocations=14 (full 2):
 PSYoungGen      total 132096K, used 0K [0x00000000eab00000, 0x00000000f3f00000, 0x0000000100000000)
  eden space 117760K, 0% used [0x00000000eab00000,0x00000000eab00000,0x00000000f1e00000)
  from space 14336K, 0% used [0x00000000f2d00000,0x00000000f2d00000,0x00000000f3b00000)
  to   space 15360K, 0% used [0x00000000f1e00000,0x00000000f1e00000,0x00000000f2d00000)
 ParOldGen       total 90112K, used 17624K [0x00000000c0000000, 0x00000000c5800000, 0x00000000eab00000)
  object space 90112K, 19% used [0x00000000c0000000,0x00000000c1136298,0x00000000c5800000)
 Metaspace       used 34599K, capacity 35364K, committed 35496K, reserved 1079296K
  class space    used 4631K, capacity 4857K, committed 4864K, reserved 1048576K
}

