# JRE version: Java(TM) SE Runtime Environment (8.0_66-b18) (build 1.8.0_66-b18)
# Java VM: Java HotSpot(TM) 64-Bit Server VM (25.66-b18 mixed mode windows-amd64 compressed oops)
Heap:
 PSYoungGen      total 107008K, used 11073K [0x00000000eab00000, 0x00000000f2000000, 0x0000000100000000)
  eden space 94208K, 11% used [0x00000000eab00000,0x00000000eb5d0560,0x00000000f0700000)
  from space 12800K, 0% used [0x00000000f0700000,0x00000000f0700000,0x00000000f1380000)
  to   space 11776K, 0% used [0x00000000f1380000,0x00000000f1380000,0x00000000f1f00000)
 ParOldGen       total 67072K, used 20387K [0x00000000c0000000, 0x00000000c4180000, 0x00000000eab00000)
  object space 67072K, 30% used [0x00000000c0000000,0x00000000c13e8d60,0x00000000c4180000)
 Metaspace       used 34955K, capacity 35818K, committed 35968K, reserved 1081344K
  class space    used 4693K, capacity 4937K, committed 4992K, reserved 1048576K
GC Heap History (10 events):
Event: 12.994 GC heap before
{Heap before GC invocations=9 (full 1):
 PSYoungGen      total 55808K, used 46336K [0x00000000eab00000, 0x00000000f0800000, 0x0000000100000000)
  eden space 44544K, 100% used [0x00000000eab00000,0x00000000ed680000,0x00000000ed680000)
  from space 11264K, 15% used [0x00000000ed680000,0x00000000ed840030,0x00000000ee180000)
  to   space 10752K, 0% used [0x00000000efd80000,0x00000000efd80000,0x00000000f0800000)
 ParOldGen       total 67072K, used 11297K [0x00000000c0000000, 0x00000000c4180000, 0x00000000eab00000)
  object space 67072K, 16% used [0x00000000c0000000,0x00000000c0b08520,0x00000000c4180000)
 Metaspace       used 21153K, capacity 21612K, committed 21888K, reserved 1069056K
  class space    used 2757K, capacity 2889K, committed 2944K, reserved 1048576K
Event: 13.000 GC heap after
Heap after GC invocations=9 (full 1):
 PSYoungGen      total 79360K, used 2288K [0x00000000eab00000, 0x00000000f0580000, 0x0000000100000000)
  eden space 71168K, 0% used [0x00000000eab00000,0x00000000eab00000,0x00000000ef080000)
  from space 8192K, 27% used [0x00000000efd80000,0x00000000effbc040,0x00000000f0580000)
  to   space 10752K, 0% used [0x00000000ef080000,0x00000000ef080000,0x00000000efb00000)
 ParOldGen       total 67072K, used 11305K [0x00000000c0000000, 0x00000000c4180000, 0x00000000eab00000)
  object space 67072K, 16% used [0x00000000c0000000,0x00000000c0b0a520,0x00000000c4180000)
 Metaspace       used 21153K, capacity 21612K, committed 21888K, reserved 1069056K
  class space    used 2757K, capacity 2889K, committed 2944K, reserved 1048576K
}
Event: 14.744 GC heap before
{Heap before GC invocations=10 (full 1):
 PSYoungGen      total 79360K, used 73456K [0x00000000eab00000, 0x00000000f0580000, 0x0000000100000000)
  eden space 71168K, 100% used [0x00000000eab00000,0x00000000ef080000,0x00000000ef080000)
  from space 8192K, 27% used [0x00000000efd80000,0x00000000effbc040,0x00000000f0580000)
  to   space 10752K, 0% used [0x00000000ef080000,0x00000000ef080000,0x00000000efb00000)
 ParOldGen       total 67072K, used 11305K [0x00000000c0000000, 0x00000000c4180000, 0x00000000eab00000)
  object space 67072K, 16% used [0x00000000c0000000,0x00000000c0b0a520,0x00000000c4180000)
 Metaspace       used 25252K, capacity 25882K, committed 26112K, reserved 1071104K
  class space    used 3336K, capacity 3470K, committed 3584K, reserved 1048576K
Event: 14.761 GC heap after
Heap after GC invocations=10 (full 1):
 PSYoungGen      total 81920K, used 8493K [0x00000000eab00000, 0x00000000f1f00000, 0x0000000100000000)
  eden space 71168K, 0% used [0x00000000eab00000,0x00000000eab00000,0x00000000ef080000)
  from space 10752K, 78% used [0x00000000ef080000,0x00000000ef8cb4d0,0x00000000efb00000)
  to   space 11776K, 0% used [0x00000000f1380000,0x00000000f1380000,0x00000000f1f00000)
 ParOldGen       total 67072K, used 11313K [0x00000000c0000000, 0x00000000c4180000, 0x00000000eab00000)
  object space 67072K, 16% used [0x00000000c0000000,0x00000000c0b0c520,0x00000000c4180000)
 Metaspace       used 25252K, capacity 25882K, committed 26112K, reserved 1071104K
  class space    used 3336K, capacity 3470K, committed 3584K, reserved 1048576K
}
Event: 16.569 GC heap before
{Heap before GC invocations=11 (full 1):
 PSYoungGen      total 81920K, used 79661K [0x00000000eab00000, 0x00000000f1f00000, 0x0000000100000000)
  eden space 71168K, 100% used [0x00000000eab00000,0x00000000ef080000,0x00000000ef080000)
  from space 10752K, 78% used [0x00000000ef080000,0x00000000ef8cb4d0,0x00000000efb00000)
  to   space 11776K, 0% used [0x00000000f1380000,0x00000000f1380000,0x00000000f1f00000)
 ParOldGen       total 67072K, used 11313K [0x00000000c0000000, 0x00000000c4180000, 0x00000000eab00000)
  object space 67072K, 16% used [0x00000000c0000000,0x00000000c0b0c520,0x00000000c4180000)
 Metaspace       used 30044K, capacity 30654K, committed 30848K, reserved 1075200K
  class space    used 3998K, capacity 4159K, committed 4224K, reserved 1048576K
Event: 16.593 GC heap after
Heap after GC invocations=11 (full 1):
 PSYoungGen      total 105984K, used 9735K [0x00000000eab00000, 0x00000000f2000000, 0x0000000100000000)
  eden space 94208K, 0% used [0x00000000eab00000,0x00000000eab00000,0x00000000f0700000)
  from space 11776K, 82% used [0x00000000f1380000,0x00000000f1d01de8,0x00000000f1f00000)
  to   space 12800K, 0% used [0x00000000f0700000,0x00000000f0700000,0x00000000f1380000)
 ParOldGen       total 67072K, used 11849K [0x00000000c0000000, 0x00000000c4180000, 0x00000000eab00000)
  object space 67072K, 17% used [0x00000000c0000000,0x00000000c0b92560,0x00000000c4180000)
 Metaspace       used 30044K, capacity 30654K, committed 30848K, reserved 1075200K
  class space    used 3998K, capacity 4159K, committed 4224K, reserved 1048576K
}
Event: 18.588 GC heap before
{Heap before GC invocations=12 (full 1):
 PSYoungGen      total 105984K, used 83565K [0x00000000eab00000, 0x00000000f2000000, 0x0000000100000000)
  eden space 94208K, 78% used [0x00000000eab00000,0x00000000ef3196d8,0x00000000f0700000)
  from space 11776K, 82% used [0x00000000f1380000,0x00000000f1d01de8,0x00000000f1f00000)
  to   space 12800K, 0% used [0x00000000f0700000,0x00000000f0700000,0x00000000f1380000)
 ParOldGen       total 67072K, used 11849K [0x00000000c0000000, 0x00000000c4180000, 0x00000000eab00000)
  object space 67072K, 17% used [0x00000000c0000000,0x00000000c0b92560,0x00000000c4180000)
 Metaspace       used 34626K, capacity 35396K, committed 35496K, reserved 1079296K
  class space    used 4637K, capacity 4864K, committed 4864K, reserved 1048576K
Event: 18.618 GC heap after
Heap after GC invocations=12 (full 1):
 PSYoungGen      total 107008K, used 12799K [0x00000000eab00000, 0x00000000f2000000, 0x0000000100000000)
  eden space 94208K, 0% used [0x00000000eab00000,0x00000000eab00000,0x00000000f0700000)
  from space 12800K, 99% used [0x00000000f0700000,0x00000000f137fd40,0x00000000f1380000)
  to   space 11776K, 0% used [0x00000000f1380000,0x00000000f1380000,0x00000000f1f00000)
 ParOldGen       total 67072K, used 12845K [0x00000000c0000000, 0x00000000c4180000, 0x00000000eab00000)
  object space 67072K, 19% used [0x00000000c0000000,0x00000000c0c8b5e0,0x00000000c4180000)
 Metaspace       used 34626K, capacity 35396K, committed 35496K, reserved 1079296K
  class space    used 4637K, capacity 4864K, committed 4864K, reserved 1048576K
}
Event: 18.618 GC heap before
{Heap before GC invocations=13 (full 2):
 PSYoungGen      total 107008K, used 12799K [0x00000000eab00000, 0x00000000f2000000, 0x0000000100000000)
  eden space 94208K, 0% used [0x00000000eab00000,0x00000000eab00000,0x00000000f0700000)
  from space 12800K, 99% used [0x00000000f0700000,0x00000000f137fd40,0x00000000f1380000)
  to   space 11776K, 0% used [0x00000000f1380000,0x00000000f1380000,0x00000000f1f00000)
 ParOldGen       total 67072K, used 12845K [0x00000000c0000000, 0x00000000c4180000, 0x00000000eab00000)
  object space 67072K, 19% used [0x00000000c0000000,0x00000000c0c8b5e0,0x00000000c4180000)
 Metaspace       used 34626K, capacity 35396K, committed 35496K, reserved 1079296K
  class space    used 4637K, capacity 4864K, committed 4864K, reserved 1048576K
Event: 18.772 GC heap after
Heap after GC invocations=13 (full 2):
 PSYoungGen      total 107008K, used 0K [0x00000000eab00000, 0x00000000f2000000, 0x0000000100000000)
  eden space 94208K, 0% used [0x00000000eab00000,0x00000000eab00000,0x00000000f0700000)
  from space 12800K, 0% used [0x00000000f0700000,0x00000000f0700000,0x00000000f1380000)
  to   space 11776K, 0% used [0x00000000f1380000,0x00000000f1380000,0x00000000f1f00000)
 ParOldGen       total 67072K, used 20387K [0x00000000c0000000, 0x00000000c4180000, 0x00000000eab00000)
  object space 67072K, 30% used [0x00000000c0000000,0x00000000c13e8d60,0x00000000c4180000)
 Metaspace       used 34607K, capacity 35374K, committed 35496K, reserved 1079296K
  class space    used 4631K, capacity 4858K, committed 4864K, reserved 1048576K
}

