# JRE version: Java(TM) SE Runtime Environment (8.0_66-b18) (build 1.8.0_66-b18)
# Java VM: Java HotSpot(TM) 64-Bit Server VM (25.66-b18 mixed mode windows-amd64 compressed oops)
Heap:
 PSYoungGen      total 86016K, used 62570K [0x00000000eab00000, 0x00000000f2780000, 0x0000000100000000)
  eden space 75264K, 72% used [0x00000000eab00000,0x00000000ee066498,0x00000000ef480000)
  from space 10752K, 73% used [0x00000000ef480000,0x00000000efc34630,0x00000000eff00000)
  to   space 11264K, 0% used [0x00000000f1c80000,0x00000000f1c80000,0x00000000f2780000)
 ParOldGen       total 56832K, used 8876K [0x00000000c0000000, 0x00000000c3780000, 0x00000000eab00000)
  object space 56832K, 15% used [0x00000000c0000000,0x00000000c08ab1c8,0x00000000c3780000)
 Metaspace       used 29936K, capacity 30530K, committed 30848K, reserved 1075200K
  class space    used 3999K, capacity 4159K, committed 4224K, reserved 1048576K
GC Heap History (10 events):
Event: 12.269 GC heap before
{Heap before GC invocations=6 (full 1):
 PSYoungGen      total 34816K, used 30208K [0x00000000eab00000, 0x00000000eef00000, 0x0000000100000000)
  eden space 30208K, 100% used [0x00000000eab00000,0x00000000ec880000,0x00000000ec880000)
  from space 4608K, 0% used [0x00000000ecd00000,0x00000000ecd00000,0x00000000ed180000)
  to   space 4608K, 0% used [0x00000000ec880000,0x00000000ec880000,0x00000000ecd00000)
 ParOldGen       total 56832K, used 8332K [0x00000000c0000000, 0x00000000c3780000, 0x00000000eab00000)
  object space 56832K, 14% used [0x00000000c0000000,0x00000000c0823188,0x00000000c3780000)
 Metaspace       used 21076K, capacity 21488K, committed 21632K, reserved 1069056K
  class space    used 2758K, capacity 2889K, committed 2944K, reserved 1048576K
Event: 12.275 GC heap after
Heap after GC invocations=6 (full 1):
 PSYoungGen      total 34816K, used 1120K [0x00000000eab00000, 0x00000000eef00000, 0x0000000100000000)
  eden space 30208K, 0% used [0x00000000eab00000,0x00000000eab00000,0x00000000ec880000)
  from space 4608K, 24% used [0x00000000ec880000,0x00000000ec998000,0x00000000ecd00000)
  to   space 11264K, 0% used [0x00000000ee400000,0x00000000ee400000,0x00000000eef00000)
 ParOldGen       total 56832K, used 8340K [0x00000000c0000000, 0x00000000c3780000, 0x00000000eab00000)
  object space 56832K, 14% used [0x00000000c0000000,0x00000000c0825188,0x00000000c3780000)
 Metaspace       used 21076K, capacity 21488K, committed 21632K, reserved 1069056K
  class space    used 2758K, capacity 2889K, committed 2944K, reserved 1048576K
}
Event: 12.564 GC heap before
{Heap before GC invocations=7 (full 1):
 PSYoungGen      total 34816K, used 31328K [0x00000000eab00000, 0x00000000eef00000, 0x0000000100000000)
  eden space 30208K, 100% used [0x00000000eab00000,0x00000000ec880000,0x00000000ec880000)
  from space 4608K, 24% used [0x00000000ec880000,0x00000000ec998000,0x00000000ecd00000)
  to   space 11264K, 0% used [0x00000000ee400000,0x00000000ee400000,0x00000000eef00000)
 ParOldGen       total 56832K, used 8340K [0x00000000c0000000, 0x00000000c3780000, 0x00000000eab00000)
  object space 56832K, 14% used [0x00000000c0000000,0x00000000c0825188,0x00000000c3780000)
 Metaspace       used 21122K, capacity 21552K, committed 21632K, reserved 1069056K
  class space    used 2758K, capacity 2889K, committed 2944K, reserved 1048576K
Event: 12.567 GC heap after
Heap after GC invocations=7 (full 1):
 PSYoungGen      total 57344K, used 1344K [0x00000000eab00000, 0x00000000eee80000, 0x0000000100000000)
  eden space 46592K, 0% used [0x00000000eab00000,0x00000000eab00000,0x00000000ed880000)
  from space 10752K, 12% used [0x00000000ee400000,0x00000000ee550030,0x00000000eee80000)
  to   space 11264K, 0% used [0x00000000ed880000,0x00000000ed880000,0x00000000ee380000)
 ParOldGen       total 56832K, used 8348K [0x00000000c0000000, 0x00000000c3780000, 0x00000000eab00000)
  object space 56832K, 14% used [0x00000000c0000000,0x00000000c0827188,0x00000000c3780000)
 Metaspace       used 21122K, capacity 21552K, committed 21632K, reserved 1069056K
  class space    used 2758K, capacity 2889K, committed 2944K, reserved 1048576K
}
Event: 12.948 GC heap before
{Heap before GC invocations=8 (full 1):
 PSYoungGen      total 57344K, used 47936K [0x00000000eab00000, 0x00000000eee80000, 0x0000000100000000)
  eden space 46592K, 100% used [0x00000000eab00000,0x00000000ed880000,0x00000000ed880000)
  from space 10752K, 12% used [0x00000000ee400000,0x00000000ee550030,0x00000000eee80000)
  to   space 11264K, 0% used [0x00000000ed880000,0x00000000ed880000,0x00000000ee380000)
 ParOldGen       total 56832K, used 8348K [0x00000000c0000000, 0x00000000c3780000, 0x00000000eab00000)
  object space 56832K, 14% used [0x00000000c0000000,0x00000000c0827188,0x00000000c3780000)
 Metaspace       used 21127K, capacity 21552K, committed 21632K, reserved 1069056K
  class space    used 2758K, capacity 2889K, committed 2944K, reserved 1048576K
Event: 12.961 GC heap after
Heap after GC invocations=8 (full 1):
 PSYoungGen      total 57856K, used 1760K [0x00000000eab00000, 0x00000000f0980000, 0x0000000100000000)
  eden space 46592K, 0% used [0x00000000eab00000,0x00000000eab00000,0x00000000ed880000)
  from space 11264K, 15% used [0x00000000ed880000,0x00000000eda38030,0x00000000ee380000)
  to   space 10752K, 0% used [0x00000000eff00000,0x00000000eff00000,0x00000000f0980000)
 ParOldGen       total 56832K, used 8356K [0x00000000c0000000, 0x00000000c3780000, 0x00000000eab00000)
  object space 56832K, 14% used [0x00000000c0000000,0x00000000c0829188,0x00000000c3780000)
 Metaspace       used 21127K, capacity 21552K, committed 21632K, reserved 1069056K
  class space    used 2758K, capacity 2889K, committed 2944K, reserved 1048576K
}
Event: 13.257 GC heap before
{Heap before GC invocations=9 (full 1):
 PSYoungGen      total 57856K, used 48352K [0x00000000eab00000, 0x00000000f0980000, 0x0000000100000000)
  eden space 46592K, 100% used [0x00000000eab00000,0x00000000ed880000,0x00000000ed880000)
  from space 11264K, 15% used [0x00000000ed880000,0x00000000eda38030,0x00000000ee380000)
  to   space 10752K, 0% used [0x00000000eff00000,0x00000000eff00000,0x00000000f0980000)
 ParOldGen       total 56832K, used 8356K [0x00000000c0000000, 0x00000000c3780000, 0x00000000eab00000)
  object space 56832K, 14% used [0x00000000c0000000,0x00000000c0829188,0x00000000c3780000)
 Metaspace       used 21138K, capacity 21552K, committed 21632K, reserved 1069056K
  class space    used 2759K, capacity 2889K, committed 2944K, reserved 1048576K
Event: 13.268 GC heap after
Heap after GC invocations=9 (full 1):
 PSYoungGen      total 86016K, used 2432K [0x00000000eab00000, 0x00000000f0c00000, 0x0000000100000000)
  eden space 75264K, 0% used [0x00000000eab00000,0x00000000eab00000,0x00000000ef480000)
  from space 10752K, 22% used [0x00000000eff00000,0x00000000f0160040,0x00000000f0980000)
  to   space 10752K, 0% used [0x00000000ef480000,0x00000000ef480000,0x00000000eff00000)
 ParOldGen       total 56832K, used 8356K [0x00000000c0000000, 0x00000000c3780000, 0x00000000eab00000)
  object space 56832K, 14% used [0x00000000c0000000,0x00000000c0829188,0x00000000c3780000)
 Metaspace       used 21138K, capacity 21552K, committed 21632K, reserved 1069056K
  class space    used 2759K, capacity 2889K, committed 2944K, reserved 1048576K
}
Event: 16.070 GC heap before
{Heap before GC invocations=10 (full 1):
 PSYoungGen      total 86016K, used 77696K [0x00000000eab00000, 0x00000000f0c00000, 0x0000000100000000)
  eden space 75264K, 100% used [0x00000000eab00000,0x00000000ef480000,0x00000000ef480000)
  from space 10752K, 22% used [0x00000000eff00000,0x00000000f0160040,0x00000000f0980000)
  to   space 10752K, 0% used [0x00000000ef480000,0x00000000ef480000,0x00000000eff00000)
 ParOldGen       total 56832K, used 8356K [0x00000000c0000000, 0x00000000c3780000, 0x00000000eab00000)
  object space 56832K, 14% used [0x00000000c0000000,0x00000000c0829188,0x00000000c3780000)
 Metaspace       used 25237K, capacity 25822K, committed 26112K, reserved 1071104K
  class space    used 3337K, capacity 3470K, committed 3584K, reserved 1048576K
Event: 16.114 GC heap after
Heap after GC invocations=10 (full 1):
 PSYoungGen      total 86016K, used 7889K [0x00000000eab00000, 0x00000000f2780000, 0x0000000100000000)
  eden space 75264K, 0% used [0x00000000eab00000,0x00000000eab00000,0x00000000ef480000)
  from space 10752K, 73% used [0x00000000ef480000,0x00000000efc34630,0x00000000eff00000)
  to   space 11264K, 0% used [0x00000000f1c80000,0x00000000f1c80000,0x00000000f2780000)
 ParOldGen       total 56832K, used 8876K [0x00000000c0000000, 0x00000000c3780000, 0x00000000eab00000)
  object space 56832K, 15% used [0x00000000c0000000,0x00000000c08ab1c8,0x00000000c3780000)
 Metaspace       used 25237K, capacity 25822K, committed 26112K, reserved 1071104K
  class space    used 3337K, capacity 3470K, committed 3584K, reserved 1048576K
}

