# JRE version: Java(TM) SE Runtime Environment (8.0_66-b18) (build 1.8.0_66-b18)
# Java VM: Java HotSpot(TM) 64-Bit Server VM (25.66-b18 mixed mode windows-amd64 compressed oops)
Heap:
 PSYoungGen      total 40960K, used 5184K [0x00000000eab00000, 0x00000000eef80000, 0x0000000100000000)
  eden space 30208K, 12% used [0x00000000eab00000,0x00000000eaeb80c0,0x00000000ec880000)
  from space 10752K, 12% used [0x00000000ee500000,0x00000000ee658030,0x00000000eef80000)
  to   space 4608K, 0% used [0x00000000ec880000,0x00000000ec880000,0x00000000ecd00000)
 ParOldGen       total 54784K, used 8181K [0x00000000c0000000, 0x00000000c3580000, 0x00000000eab00000)
  object space 54784K, 14% used [0x00000000c0000000,0x00000000c07fd6c0,0x00000000c3580000)
 Metaspace       used 21125K, capacity 21508K, committed 21632K, reserved 1069056K
  class space    used 2758K, capacity 2893K, committed 2944K, reserved 1048576K
GC Heap History (10 events):
Event: 10.076 GC heap before
{Heap before GC invocations=2 (full 0):
 PSYoungGen      total 34816K, used 34027K [0x00000000eab00000, 0x00000000ed180000, 0x0000000100000000)
  eden space 30208K, 100% used [0x00000000eab00000,0x00000000ec880000,0x00000000ec880000)
  from space 4608K, 82% used [0x00000000ec880000,0x00000000ecc3aed0,0x00000000ecd00000)
  to   space 4608K, 0% used [0x00000000ecd00000,0x00000000ecd00000,0x00000000ed180000)
 ParOldGen       total 79360K, used 16K [0x00000000c0000000, 0x00000000c4d80000, 0x00000000eab00000)
  object space 79360K, 0% used [0x00000000c0000000,0x00000000c0004000,0x00000000c4d80000)
 Metaspace       used 12103K, capacity 12444K, committed 12544K, reserved 1060864K
  class space    used 1641K, capacity 1755K, committed 1792K, reserved 1048576K
Event: 10.099 GC heap after
Heap after GC invocations=2 (full 0):
 PSYoungGen      total 34816K, used 4605K [0x00000000eab00000, 0x00000000ed180000, 0x0000000100000000)
  eden space 30208K, 0% used [0x00000000eab00000,0x00000000eab00000,0x00000000ec880000)
  from space 4608K, 99% used [0x00000000ecd00000,0x00000000ed17f480,0x00000000ed180000)
  to   space 4608K, 0% used [0x00000000ec880000,0x00000000ec880000,0x00000000ecd00000)
 ParOldGen       total 79360K, used 1255K [0x00000000c0000000, 0x00000000c4d80000, 0x00000000eab00000)
  object space 79360K, 1% used [0x00000000c0000000,0x00000000c0139f20,0x00000000c4d80000)
 Metaspace       used 12103K, capacity 12444K, committed 12544K, reserved 1060864K
  class space    used 1641K, capacity 1755K, committed 1792K, reserved 1048576K
}
Event: 12.134 GC heap before
{Heap before GC invocations=3 (full 0):
 PSYoungGen      total 34816K, used 34813K [0x00000000eab00000, 0x00000000ed180000, 0x0000000100000000)
  eden space 30208K, 100% used [0x00000000eab00000,0x00000000ec880000,0x00000000ec880000)
  from space 4608K, 99% used [0x00000000ecd00000,0x00000000ed17f480,0x00000000ed180000)
  to   space 4608K, 0% used [0x00000000ec880000,0x00000000ec880000,0x00000000ecd00000)
 ParOldGen       total 79360K, used 1255K [0x00000000c0000000, 0x00000000c4d80000, 0x00000000eab00000)
  object space 79360K, 1% used [0x00000000c0000000,0x00000000c0139f20,0x00000000c4d80000)
 Metaspace       used 17888K, capacity 18290K, committed 18560K, reserved 1064960K
  class space    used 2436K, capacity 2568K, committed 2688K, reserved 1048576K
Event: 12.169 GC heap after
Heap after GC invocations=3 (full 0):
 PSYoungGen      total 34816K, used 4592K [0x00000000eab00000, 0x00000000ed180000, 0x0000000100000000)
  eden space 30208K, 0% used [0x00000000eab00000,0x00000000eab00000,0x00000000ec880000)
  from space 4608K, 99% used [0x00000000ec880000,0x00000000eccfc010,0x00000000ecd00000)
  to   space 4608K, 0% used [0x00000000ecd00000,0x00000000ecd00000,0x00000000ed180000)
 ParOldGen       total 79360K, used 5539K [0x00000000c0000000, 0x00000000c4d80000, 0x00000000eab00000)
  object space 79360K, 6% used [0x00000000c0000000,0x00000000c0568db8,0x00000000c4d80000)
 Metaspace       used 17888K, capacity 18290K, committed 18560K, reserved 1064960K
  class space    used 2436K, capacity 2568K, committed 2688K, reserved 1048576K
}
Event: 13.254 GC heap before
{Heap before GC invocations=4 (full 0):
 PSYoungGen      total 34816K, used 22705K [0x00000000eab00000, 0x00000000ed180000, 0x0000000100000000)
  eden space 30208K, 59% used [0x00000000eab00000,0x00000000ebcb0720,0x00000000ec880000)
  from space 4608K, 99% used [0x00000000ec880000,0x00000000eccfc010,0x00000000ecd00000)
  to   space 4608K, 0% used [0x00000000ecd00000,0x00000000ecd00000,0x00000000ed180000)
 ParOldGen       total 79360K, used 5539K [0x00000000c0000000, 0x00000000c4d80000, 0x00000000eab00000)
  object space 79360K, 6% used [0x00000000c0000000,0x00000000c0568db8,0x00000000c4d80000)
 Metaspace       used 20671K, capacity 21092K, committed 21296K, reserved 1067008K
  class space    used 2720K, capacity 2861K, committed 2944K, reserved 1048576K
Event: 13.271 GC heap after
Heap after GC invocations=4 (full 0):
 PSYoungGen      total 34816K, used 4584K [0x00000000eab00000, 0x00000000ed180000, 0x0000000100000000)
  eden space 30208K, 0% used [0x00000000eab00000,0x00000000eab00000,0x00000000ec880000)
  from space 4608K, 99% used [0x00000000ecd00000,0x00000000ed17a0c0,0x00000000ed180000)
  to   space 4608K, 0% used [0x00000000ec880000,0x00000000ec880000,0x00000000ecd00000)
 ParOldGen       total 79360K, used 8189K [0x00000000c0000000, 0x00000000c4d80000, 0x00000000eab00000)
  object space 79360K, 10% used [0x00000000c0000000,0x00000000c07ff628,0x00000000c4d80000)
 Metaspace       used 20671K, capacity 21092K, committed 21296K, reserved 1067008K
  class space    used 2720K, capacity 2861K, committed 2944K, reserved 1048576K
}
Event: 13.271 GC heap before
{Heap before GC invocations=5 (full 1):
 PSYoungGen      total 34816K, used 4584K [0x00000000eab00000, 0x00000000ed180000, 0x0000000100000000)
  eden space 30208K, 0% used [0x00000000eab00000,0x00000000eab00000,0x00000000ec880000)
  from space 4608K, 99% used [0x00000000ecd00000,0x00000000ed17a0c0,0x00000000ed180000)
  to   space 4608K, 0% used [0x00000000ec880000,0x00000000ec880000,0x00000000ecd00000)
 ParOldGen       total 79360K, used 8189K [0x00000000c0000000, 0x00000000c4d80000, 0x00000000eab00000)
  object space 79360K, 10% used [0x00000000c0000000,0x00000000c07ff628,0x00000000c4d80000)
 Metaspace       used 20671K, capacity 21092K, committed 21296K, reserved 1067008K
  class space    used 2720K, capacity 2861K, committed 2944K, reserved 1048576K
Event: 13.356 GC heap after
Heap after GC invocations=5 (full 1):
 PSYoungGen      total 34816K, used 0K [0x00000000eab00000, 0x00000000ed180000, 0x0000000100000000)
  eden space 30208K, 0% used [0x00000000eab00000,0x00000000eab00000,0x00000000ec880000)
  from space 4608K, 0% used [0x00000000ecd00000,0x00000000ecd00000,0x00000000ed180000)
  to   space 4608K, 0% used [0x00000000ec880000,0x00000000ec880000,0x00000000ecd00000)
 ParOldGen       total 54784K, used 8165K [0x00000000c0000000, 0x00000000c3580000, 0x00000000eab00000)
  object space 54784K, 14% used [0x00000000c0000000,0x00000000c07f96c0,0x00000000c3580000)
 Metaspace       used 20671K, capacity 21092K, committed 21296K, reserved 1067008K
  class space    used 2720K, capacity 2861K, committed 2944K, reserved 1048576K
}
Event: 13.810 GC heap before
{Heap before GC invocations=6 (full 1):
 PSYoungGen      total 34816K, used 30208K [0x00000000eab00000, 0x00000000ed180000, 0x0000000100000000)
  eden space 30208K, 100% used [0x00000000eab00000,0x00000000ec880000,0x00000000ec880000)
  from space 4608K, 0% used [0x00000000ecd00000,0x00000000ecd00000,0x00000000ed180000)
  to   space 4608K, 0% used [0x00000000ec880000,0x00000000ec880000,0x00000000ecd00000)
 ParOldGen       total 54784K, used 8165K [0x00000000c0000000, 0x00000000c3580000, 0x00000000eab00000)
  object space 54784K, 14% used [0x00000000c0000000,0x00000000c07f96c0,0x00000000c3580000)
 Metaspace       used 21077K, capacity 21508K, committed 21632K, reserved 1069056K
  class space    used 2758K, capacity 2893K, committed 2944K, reserved 1048576K
Event: 13.813 GC heap after
Heap after GC invocations=6 (full 1):
 PSYoungGen      total 34816K, used 1205K [0x00000000eab00000, 0x00000000eef80000, 0x0000000100000000)
  eden space 30208K, 0% used [0x00000000eab00000,0x00000000eab00000,0x00000000ec880000)
  from space 4608K, 26% used [0x00000000ec880000,0x00000000ec9ad5c0,0x00000000ecd00000)
  to   space 10752K, 0% used [0x00000000ee500000,0x00000000ee500000,0x00000000eef80000)
 ParOldGen       total 54784K, used 8173K [0x00000000c0000000, 0x00000000c3580000, 0x00000000eab00000)
  object space 54784K, 14% used [0x00000000c0000000,0x00000000c07fb6c0,0x00000000c3580000)
 Metaspace       used 21077K, capacity 21508K, committed 21632K, reserved 1069056K
  class space    used 2758K, capacity 2893K, committed 2944K, reserved 1048576K
}

