# JRE version: Java(TM) SE Runtime Environment (8.0_66-b18) (build 1.8.0_66-b18)
# Java VM: Java HotSpot(TM) 64-Bit Server VM (25.66-b18 mixed mode windows-amd64 compressed oops)
Heap:
 PSYoungGen      total 136704K, used 50942K [0x00000000eab00000, 0x00000000f4080000, 0x0000000100000000)
  eden space 125952K, 31% used [0x00000000eab00000,0x00000000ed244ae0,0x00000000f2600000)
  from space 10752K, 99% used [0x00000000f3280000,0x00000000f3cfb038,0x00000000f3d00000)
  to   space 12800K, 0% used [0x00000000f2600000,0x00000000f2600000,0x00000000f3280000)
 ParOldGen       total 62464K, used 11586K [0x00000000c0000000, 0x00000000c3d00000, 0x00000000eab00000)
  object space 62464K, 18% used [0x00000000c0000000,0x00000000c0b508d0,0x00000000c3d00000)
 Metaspace       used 31890K, capacity 32534K, committed 32640K, reserved 1077248K
  class space    used 4208K, capacity 4407K, committed 4480K, reserved 1048576K
GC Heap History (10 events):
Event: 7.627 GC heap before
{Heap before GC invocations=5 (full 1):
 PSYoungGen      total 65024K, used 4584K [0x00000000eab00000, 0x00000000eef00000, 0x0000000100000000)
  eden space 60416K, 0% used [0x00000000eab00000,0x00000000eab00000,0x00000000ee600000)
  from space 4608K, 99% used [0x00000000eea80000,0x00000000eeefa0c0,0x00000000eef00000)
  to   space 4608K, 0% used [0x00000000ee600000,0x00000000ee600000,0x00000000eea80000)
 ParOldGen       total 79360K, used 8374K [0x00000000c0000000, 0x00000000c4d80000, 0x00000000eab00000)
  object space 79360K, 10% used [0x00000000c0000000,0x00000000c082dbb8,0x00000000c4d80000)
 Metaspace       used 20719K, capacity 21128K, committed 21296K, reserved 1067008K
  class space    used 2720K, capacity 2857K, committed 2944K, reserved 1048576K
Event: 7.751 GC heap after
Heap after GC invocations=5 (full 1):
 PSYoungGen      total 65024K, used 0K [0x00000000eab00000, 0x00000000eef00000, 0x0000000100000000)
  eden space 60416K, 0% used [0x00000000eab00000,0x00000000eab00000,0x00000000ee600000)
  from space 4608K, 0% used [0x00000000eea80000,0x00000000eea80000,0x00000000eef00000)
  to   space 4608K, 0% used [0x00000000ee600000,0x00000000ee600000,0x00000000eea80000)
 ParOldGen       total 62464K, used 11322K [0x00000000c0000000, 0x00000000c3d00000, 0x00000000eab00000)
  object space 62464K, 18% used [0x00000000c0000000,0x00000000c0b0eb38,0x00000000c3d00000)
 Metaspace       used 20719K, capacity 21128K, committed 21296K, reserved 1067008K
  class space    used 2720K, capacity 2857K, committed 2944K, reserved 1048576K
}
Event: 8.548 GC heap before
{Heap before GC invocations=6 (full 1):
 PSYoungGen      total 65024K, used 60416K [0x00000000eab00000, 0x00000000eef00000, 0x0000000100000000)
  eden space 60416K, 100% used [0x00000000eab00000,0x00000000ee600000,0x00000000ee600000)
  from space 4608K, 0% used [0x00000000eea80000,0x00000000eea80000,0x00000000eef00000)
  to   space 4608K, 0% used [0x00000000ee600000,0x00000000ee600000,0x00000000eea80000)
 ParOldGen       total 62464K, used 11322K [0x00000000c0000000, 0x00000000c3d00000, 0x00000000eab00000)
  object space 62464K, 18% used [0x00000000c0000000,0x00000000c0b0eb38,0x00000000c3d00000)
 Metaspace       used 21138K, capacity 21544K, committed 21632K, reserved 1069056K
  class space    used 2754K, capacity 2889K, committed 2944K, reserved 1048576K
Event: 8.554 GC heap after
Heap after GC invocations=6 (full 1):
 PSYoungGen      total 65024K, used 1600K [0x00000000eab00000, 0x00000000f1580000, 0x0000000100000000)
  eden space 60416K, 0% used [0x00000000eab00000,0x00000000eab00000,0x00000000ee600000)
  from space 4608K, 34% used [0x00000000ee600000,0x00000000ee790030,0x00000000eea80000)
  to   space 10752K, 0% used [0x00000000f0b00000,0x00000000f0b00000,0x00000000f1580000)
 ParOldGen       total 62464K, used 11330K [0x00000000c0000000, 0x00000000c3d00000, 0x00000000eab00000)
  object space 62464K, 18% used [0x00000000c0000000,0x00000000c0b10b38,0x00000000c3d00000)
 Metaspace       used 21138K, capacity 21544K, committed 21632K, reserved 1069056K
  class space    used 2754K, capacity 2889K, committed 2944K, reserved 1048576K
}
Event: 9.090 GC heap before
{Heap before GC invocations=7 (full 1):
 PSYoungGen      total 65024K, used 62016K [0x00000000eab00000, 0x00000000f1580000, 0x0000000100000000)
  eden space 60416K, 100% used [0x00000000eab00000,0x00000000ee600000,0x00000000ee600000)
  from space 4608K, 34% used [0x00000000ee600000,0x00000000ee790030,0x00000000eea80000)
  to   space 10752K, 0% used [0x00000000f0b00000,0x00000000f0b00000,0x00000000f1580000)
 ParOldGen       total 62464K, used 11330K [0x00000000c0000000, 0x00000000c3d00000, 0x00000000eab00000)
  object space 62464K, 18% used [0x00000000c0000000,0x00000000c0b10b38,0x00000000c3d00000)
 Metaspace       used 21150K, capacity 21544K, committed 21632K, reserved 1069056K
  class space    used 2754K, capacity 2889K, committed 2944K, reserved 1048576K
Event: 9.103 GC heap after
Heap after GC invocations=7 (full 1):
 PSYoungGen      total 98304K, used 1984K [0x00000000eab00000, 0x00000000f1800000, 0x0000000100000000)
  eden space 87552K, 0% used [0x00000000eab00000,0x00000000eab00000,0x00000000f0080000)
  from space 10752K, 18% used [0x00000000f0b00000,0x00000000f0cf0030,0x00000000f1580000)
  to   space 10752K, 0% used [0x00000000f0080000,0x00000000f0080000,0x00000000f0b00000)
 ParOldGen       total 62464K, used 11338K [0x00000000c0000000, 0x00000000c3d00000, 0x00000000eab00000)
  object space 62464K, 18% used [0x00000000c0000000,0x00000000c0b12b38,0x00000000c3d00000)
 Metaspace       used 21150K, capacity 21544K, committed 21632K, reserved 1069056K
  class space    used 2754K, capacity 2889K, committed 2944K, reserved 1048576K
}
Event: 11.715 GC heap before
{Heap before GC invocations=8 (full 1):
 PSYoungGen      total 98304K, used 89536K [0x00000000eab00000, 0x00000000f1800000, 0x0000000100000000)
  eden space 87552K, 100% used [0x00000000eab00000,0x00000000f0080000,0x00000000f0080000)
  from space 10752K, 18% used [0x00000000f0b00000,0x00000000f0cf0030,0x00000000f1580000)
  to   space 10752K, 0% used [0x00000000f0080000,0x00000000f0080000,0x00000000f0b00000)
 ParOldGen       total 62464K, used 11338K [0x00000000c0000000, 0x00000000c3d00000, 0x00000000eab00000)
  object space 62464K, 18% used [0x00000000c0000000,0x00000000c0b12b38,0x00000000c3d00000)
 Metaspace       used 24265K, capacity 24772K, committed 24960K, reserved 1071104K
  class space    used 3182K, capacity 3337K, committed 3456K, reserved 1048576K
Event: 11.739 GC heap after
Heap after GC invocations=8 (full 1):
 PSYoungGen      total 98304K, used 6531K [0x00000000eab00000, 0x00000000f3d00000, 0x0000000100000000)
  eden space 87552K, 0% used [0x00000000eab00000,0x00000000eab00000,0x00000000f0080000)
  from space 10752K, 60% used [0x00000000f0080000,0x00000000f06e0f30,0x00000000f0b00000)
  to   space 10752K, 0% used [0x00000000f3280000,0x00000000f3280000,0x00000000f3d00000)
 ParOldGen       total 62464K, used 11346K [0x00000000c0000000, 0x00000000c3d00000, 0x00000000eab00000)
  object space 62464K, 18% used [0x00000000c0000000,0x00000000c0b14b38,0x00000000c3d00000)
 Metaspace       used 24265K, capacity 24772K, committed 24960K, reserved 1071104K
  class space    used 3182K, capacity 3337K, committed 3456K, reserved 1048576K
}
Event: 15.343 GC heap before
{Heap before GC invocations=9 (full 1):
 PSYoungGen      total 98304K, used 94083K [0x00000000eab00000, 0x00000000f3d00000, 0x0000000100000000)
  eden space 87552K, 100% used [0x00000000eab00000,0x00000000f0080000,0x00000000f0080000)
  from space 10752K, 60% used [0x00000000f0080000,0x00000000f06e0f30,0x00000000f0b00000)
  to   space 10752K, 0% used [0x00000000f3280000,0x00000000f3280000,0x00000000f3d00000)
 ParOldGen       total 62464K, used 11346K [0x00000000c0000000, 0x00000000c3d00000, 0x00000000eab00000)
  object space 62464K, 18% used [0x00000000c0000000,0x00000000c0b14b38,0x00000000c3d00000)
 Metaspace       used 30059K, capacity 30714K, committed 30848K, reserved 1075200K
  class space    used 3996K, capacity 4159K, committed 4224K, reserved 1048576K
Event: 15.391 GC heap after
Heap after GC invocations=9 (full 1):
 PSYoungGen      total 136704K, used 10732K [0x00000000eab00000, 0x00000000f4080000, 0x0000000100000000)
  eden space 125952K, 0% used [0x00000000eab00000,0x00000000eab00000,0x00000000f2600000)
  from space 10752K, 99% used [0x00000000f3280000,0x00000000f3cfb038,0x00000000f3d00000)
  to   space 12800K, 0% used [0x00000000f2600000,0x00000000f2600000,0x00000000f3280000)
 ParOldGen       total 62464K, used 11586K [0x00000000c0000000, 0x00000000c3d00000, 0x00000000eab00000)
  object space 62464K, 18% used [0x00000000c0000000,0x00000000c0b508d0,0x00000000c3d00000)
 Metaspace       used 30059K, capacity 30714K, committed 30848K, reserved 1075200K
  class space    used 3996K, capacity 4159K, committed 4224K, reserved 1048576K
}

