# JRE version: Java(TM) SE Runtime Environment (8.0_66-b18) (build 1.8.0_66-b18)
# Java VM: Java HotSpot(TM) 64-Bit Server VM (25.66-b18 mixed mode windows-amd64 compressed oops)
Heap:
 PSYoungGen      total 130048K, used 78065K [0x00000000eab00000, 0x00000000f6680000, 0x0000000100000000)
  eden space 118272K, 66% used [0x00000000eab00000,0x00000000ef73c478,0x00000000f1e80000)
  from space 11776K, 0% used [0x00000000f5b00000,0x00000000f5b00000,0x00000000f6680000)
  to   space 9728K, 0% used [0x00000000f1e80000,0x00000000f1e80000,0x00000000f2800000)
 ParOldGen       total 52224K, used 22113K [0x00000000c0000000, 0x00000000c3300000, 0x00000000eab00000)
  object space 52224K, 42% used [0x00000000c0000000,0x00000000c1598788,0x00000000c3300000)
 Metaspace       used 37230K, capacity 38070K, committed 38144K, reserved 1081344K
  class space    used 5159K, capacity 5363K, committed 5376K, reserved 1048576K
GC Heap History (10 events):
Event: 7.015 GC heap before
{Heap before GC invocations=6 (full 1):
 PSYoungGen      total 65024K, used 4592K [0x00000000eab00000, 0x00000000f3500000, 0x0000000100000000)
  eden space 60416K, 0% used [0x00000000eab00000,0x00000000eab00000,0x00000000ee600000)
  from space 4608K, 99% used [0x00000000ee600000,0x00000000eea7c030,0x00000000eea80000)
  to   space 10240K, 0% used [0x00000000f2b00000,0x00000000f2b00000,0x00000000f3500000)
 ParOldGen       total 79360K, used 9921K [0x00000000c0000000, 0x00000000c4d80000, 0x00000000eab00000)
  object space 79360K, 12% used [0x00000000c0000000,0x00000000c09b07a8,0x00000000c4d80000)
 Metaspace       used 20890K, capacity 21198K, committed 21296K, reserved 1067008K
  class space    used 2812K, capacity 2910K, committed 2944K, reserved 1048576K
Event: 7.095 GC heap after
Heap after GC invocations=6 (full 1):
 PSYoungGen      total 65024K, used 0K [0x00000000eab00000, 0x00000000f3500000, 0x0000000100000000)
  eden space 60416K, 0% used [0x00000000eab00000,0x00000000eab00000,0x00000000ee600000)
  from space 4608K, 0% used [0x00000000ee600000,0x00000000ee600000,0x00000000eea80000)
  to   space 10240K, 0% used [0x00000000f2b00000,0x00000000f2b00000,0x00000000f3500000)
 ParOldGen       total 52224K, used 8009K [0x00000000c0000000, 0x00000000c3300000, 0x00000000eab00000)
  object space 52224K, 15% used [0x00000000c0000000,0x00000000c07d26d8,0x00000000c3300000)
 Metaspace       used 20890K, capacity 21198K, committed 21296K, reserved 1067008K
  class space    used 2812K, capacity 2910K, committed 2944K, reserved 1048576K
}
Event: 8.524 GC heap before
{Heap before GC invocations=7 (full 1):
 PSYoungGen      total 65024K, used 60416K [0x00000000eab00000, 0x00000000f3500000, 0x0000000100000000)
  eden space 60416K, 100% used [0x00000000eab00000,0x00000000ee600000,0x00000000ee600000)
  from space 4608K, 0% used [0x00000000ee600000,0x00000000ee600000,0x00000000eea80000)
  to   space 10240K, 0% used [0x00000000f2b00000,0x00000000f2b00000,0x00000000f3500000)
 ParOldGen       total 52224K, used 8009K [0x00000000c0000000, 0x00000000c3300000, 0x00000000eab00000)
  object space 52224K, 15% used [0x00000000c0000000,0x00000000c07d26d8,0x00000000c3300000)
 Metaspace       used 26670K, capacity 27156K, committed 27392K, reserved 1073152K
  class space    used 3639K, capacity 3760K, committed 3840K, reserved 1048576K
Event: 8.539 GC heap after
Heap after GC invocations=7 (full 1):
 PSYoungGen      total 109056K, used 6485K [0x00000000eab00000, 0x00000000f3180000, 0x0000000100000000)
  eden space 102400K, 0% used [0x00000000eab00000,0x00000000eab00000,0x00000000f0f00000)
  from space 6656K, 97% used [0x00000000f2b00000,0x00000000f3155688,0x00000000f3180000)
  to   space 9728K, 0% used [0x00000000f1e80000,0x00000000f1e80000,0x00000000f2800000)
 ParOldGen       total 52224K, used 8017K [0x00000000c0000000, 0x00000000c3300000, 0x00000000eab00000)
  object space 52224K, 15% used [0x00000000c0000000,0x00000000c07d46d8,0x00000000c3300000)
 Metaspace       used 26670K, capacity 27156K, committed 27392K, reserved 1073152K
  class space    used 3639K, capacity 3760K, committed 3840K, reserved 1048576K
}
Event: 12.132 GC heap before
{Heap before GC invocations=8 (full 1):
 PSYoungGen      total 109056K, used 108885K [0x00000000eab00000, 0x00000000f3180000, 0x0000000100000000)
  eden space 102400K, 100% used [0x00000000eab00000,0x00000000f0f00000,0x00000000f0f00000)
  from space 6656K, 97% used [0x00000000f2b00000,0x00000000f3155688,0x00000000f3180000)
  to   space 9728K, 0% used [0x00000000f1e80000,0x00000000f1e80000,0x00000000f2800000)
 ParOldGen       total 52224K, used 8017K [0x00000000c0000000, 0x00000000c3300000, 0x00000000eab00000)
  object space 52224K, 15% used [0x00000000c0000000,0x00000000c07d46d8,0x00000000c3300000)
 Metaspace       used 31725K, capacity 32300K, committed 32512K, reserved 1077248K
  class space    used 4332K, capacity 4533K, committed 4608K, reserved 1048576K
Event: 12.153 GC heap after
Heap after GC invocations=8 (full 1):
 PSYoungGen      total 128000K, used 9719K [0x00000000eab00000, 0x00000000f6680000, 0x0000000100000000)
  eden space 118272K, 0% used [0x00000000eab00000,0x00000000eab00000,0x00000000f1e80000)
  from space 9728K, 99% used [0x00000000f1e80000,0x00000000f27fdf58,0x00000000f2800000)
  to   space 11776K, 0% used [0x00000000f5b00000,0x00000000f5b00000,0x00000000f6680000)
 ParOldGen       total 52224K, used 9298K [0x00000000c0000000, 0x00000000c3300000, 0x00000000eab00000)
  object space 52224K, 17% used [0x00000000c0000000,0x00000000c0914ac8,0x00000000c3300000)
 Metaspace       used 31725K, capacity 32300K, committed 32512K, reserved 1077248K
  class space    used 4332K, capacity 4533K, committed 4608K, reserved 1048576K
}
Event: 13.654 GC heap before
{Heap before GC invocations=9 (full 1):
 PSYoungGen      total 128000K, used 74229K [0x00000000eab00000, 0x00000000f6680000, 0x0000000100000000)
  eden space 118272K, 54% used [0x00000000eab00000,0x00000000ee9ff830,0x00000000f1e80000)
  from space 9728K, 99% used [0x00000000f1e80000,0x00000000f27fdf58,0x00000000f2800000)
  to   space 11776K, 0% used [0x00000000f5b00000,0x00000000f5b00000,0x00000000f6680000)
 ParOldGen       total 52224K, used 9298K [0x00000000c0000000, 0x00000000c3300000, 0x00000000eab00000)
  object space 52224K, 17% used [0x00000000c0000000,0x00000000c0914ac8,0x00000000c3300000)
 Metaspace       used 34637K, capacity 35326K, committed 35456K, reserved 1079296K
  class space    used 4730K, capacity 4916K, committed 4992K, reserved 1048576K
Event: 13.686 GC heap after
Heap after GC invocations=9 (full 1):
 PSYoungGen      total 130048K, used 11773K [0x00000000eab00000, 0x00000000f6680000, 0x0000000100000000)
  eden space 118272K, 0% used [0x00000000eab00000,0x00000000eab00000,0x00000000f1e80000)
  from space 11776K, 99% used [0x00000000f5b00000,0x00000000f667f5f8,0x00000000f6680000)
  to   space 9728K, 0% used [0x00000000f1e80000,0x00000000f1e80000,0x00000000f2800000)
 ParOldGen       total 52224K, used 12020K [0x00000000c0000000, 0x00000000c3300000, 0x00000000eab00000)
  object space 52224K, 23% used [0x00000000c0000000,0x00000000c0bbd018,0x00000000c3300000)
 Metaspace       used 34637K, capacity 35326K, committed 35456K, reserved 1079296K
  class space    used 4730K, capacity 4916K, committed 4992K, reserved 1048576K
}
Event: 13.686 GC heap before
{Heap before GC invocations=10 (full 2):
 PSYoungGen      total 130048K, used 11773K [0x00000000eab00000, 0x00000000f6680000, 0x0000000100000000)
  eden space 118272K, 0% used [0x00000000eab00000,0x00000000eab00000,0x00000000f1e80000)
  from space 11776K, 99% used [0x00000000f5b00000,0x00000000f667f5f8,0x00000000f6680000)
  to   space 9728K, 0% used [0x00000000f1e80000,0x00000000f1e80000,0x00000000f2800000)
 ParOldGen       total 52224K, used 12020K [0x00000000c0000000, 0x00000000c3300000, 0x00000000eab00000)
  object space 52224K, 23% used [0x00000000c0000000,0x00000000c0bbd018,0x00000000c3300000)
 Metaspace       used 34637K, capacity 35326K, committed 35456K, reserved 1079296K
  class space    used 4730K, capacity 4916K, committed 4992K, reserved 1048576K
Event: 13.846 GC heap after
Heap after GC invocations=10 (full 2):
 PSYoungGen      total 130048K, used 0K [0x00000000eab00000, 0x00000000f6680000, 0x0000000100000000)
  eden space 118272K, 0% used [0x00000000eab00000,0x00000000eab00000,0x00000000f1e80000)
  from space 11776K, 0% used [0x00000000f5b00000,0x00000000f5b00000,0x00000000f6680000)
  to   space 9728K, 0% used [0x00000000f1e80000,0x00000000f1e80000,0x00000000f2800000)
 ParOldGen       total 52224K, used 22113K [0x00000000c0000000, 0x00000000c3300000, 0x00000000eab00000)
  object space 52224K, 42% used [0x00000000c0000000,0x00000000c1598788,0x00000000c3300000)
 Metaspace       used 34637K, capacity 35326K, committed 35456K, reserved 1079296K
  class space    used 4730K, capacity 4916K, committed 4992K, reserved 1048576K
}

