# JRE version: Java(TM) SE Runtime Environment (8.0_66-b18) (build 1.8.0_66-b18)
# Java VM: Java HotSpot(TM) 64-Bit Server VM (25.66-b18 mixed mode windows-amd64 compressed oops)
Heap:
 PSYoungGen      total 56320K, used 46848K [0x00000000eab00000, 0x00000000f0380000, 0x0000000100000000)
  eden space 45056K, 100% used [0x00000000eab00000,0x00000000ed700000,0x00000000ed700000)
  from space 11264K, 15% used [0x00000000ed700000,0x00000000ed8c0030,0x00000000ee200000)
  to   space 10752K, 12% used [0x00000000ef900000,0x00000000efa58030,0x00000000f0380000)
 ParOldGen       total 61952K, used 11347K [0x00000000c0000000, 0x00000000c3c80000, 0x00000000eab00000)
  object space 61952K, 18% used [0x00000000c0000000,0x00000000c0b14cf0,0x00000000c3c80000)
 Metaspace       used 21136K, capacity 21564K, committed 21632K, reserved 1069056K
  class space    used 2759K, capacity 2893K, committed 2944K, reserved 1048576K
GC Heap History (10 events):
Event: 4.825 GC heap before
{Heap before GC invocations=4 (full 0):
 PSYoungGen      total 34816K, used 23614K [0x00000000eab00000, 0x00000000ed180000, 0x0000000100000000)
  eden space 30208K, 62% used [0x00000000eab00000,0x00000000ebd93a50,0x00000000ec880000)
  from space 4608K, 99% used [0x00000000ec880000,0x00000000eccfc030,0x00000000ecd00000)
  to   space 4608K, 0% used [0x00000000ecd00000,0x00000000ecd00000,0x00000000ed180000)
 ParOldGen       total 79360K, used 5337K [0x00000000c0000000, 0x00000000c4d80000, 0x00000000eab00000)
  object space 79360K, 6% used [0x00000000c0000000,0x00000000c05364e8,0x00000000c4d80000)
 Metaspace       used 20722K, capacity 21148K, committed 21296K, reserved 1067008K
  class space    used 2725K, capacity 2861K, committed 2944K, reserved 1048576K
Event: 4.842 GC heap after
Heap after GC invocations=4 (full 0):
 PSYoungGen      total 34816K, used 4600K [0x00000000eab00000, 0x00000000eef00000, 0x0000000100000000)
  eden space 30208K, 0% used [0x00000000eab00000,0x00000000eab00000,0x00000000ec880000)
  from space 4608K, 99% used [0x00000000ecd00000,0x00000000ed17e0f0,0x00000000ed180000)
  to   space 4608K, 0% used [0x00000000ec880000,0x00000000ec880000,0x00000000ecd00000)
 ParOldGen       total 79360K, used 8297K [0x00000000c0000000, 0x00000000c4d80000, 0x00000000eab00000)
  object space 79360K, 10% used [0x00000000c0000000,0x00000000c081a7a8,0x00000000c4d80000)
 Metaspace       used 20722K, capacity 21148K, committed 21296K, reserved 1067008K
  class space    used 2725K, capacity 2861K, committed 2944K, reserved 1048576K
}
Event: 4.842 GC heap before
{Heap before GC invocations=5 (full 1):
 PSYoungGen      total 34816K, used 4600K [0x00000000eab00000, 0x00000000eef00000, 0x0000000100000000)
  eden space 30208K, 0% used [0x00000000eab00000,0x00000000eab00000,0x00000000ec880000)
  from space 4608K, 99% used [0x00000000ecd00000,0x00000000ed17e0f0,0x00000000ed180000)
  to   space 4608K, 0% used [0x00000000ec880000,0x00000000ec880000,0x00000000ecd00000)
 ParOldGen       total 79360K, used 8297K [0x00000000c0000000, 0x00000000c4d80000, 0x00000000eab00000)
  object space 79360K, 10% used [0x00000000c0000000,0x00000000c081a7a8,0x00000000c4d80000)
 Metaspace       used 20722K, capacity 21148K, committed 21296K, reserved 1067008K
  class space    used 2725K, capacity 2861K, committed 2944K, reserved 1048576K
Event: 4.907 GC heap after
Heap after GC invocations=5 (full 1):
 PSYoungGen      total 34816K, used 0K [0x00000000eab00000, 0x00000000eef00000, 0x0000000100000000)
  eden space 30208K, 0% used [0x00000000eab00000,0x00000000eab00000,0x00000000ec880000)
  from space 4608K, 0% used [0x00000000ecd00000,0x00000000ecd00000,0x00000000ed180000)
  to   space 4608K, 0% used [0x00000000ec880000,0x00000000ec880000,0x00000000ecd00000)
 ParOldGen       total 61952K, used 11331K [0x00000000c0000000, 0x00000000c3c80000, 0x00000000eab00000)
  object space 61952K, 18% used [0x00000000c0000000,0x00000000c0b10cf0,0x00000000c3c80000)
 Metaspace       used 20722K, capacity 21148K, committed 21296K, reserved 1067008K
  class space    used 2725K, capacity 2861K, committed 2944K, reserved 1048576K
}
Event: 5.175 GC heap before
{Heap before GC invocations=6 (full 1):
 PSYoungGen      total 34816K, used 30208K [0x00000000eab00000, 0x00000000eef00000, 0x0000000100000000)
  eden space 30208K, 100% used [0x00000000eab00000,0x00000000ec880000,0x00000000ec880000)
  from space 4608K, 0% used [0x00000000ecd00000,0x00000000ecd00000,0x00000000ed180000)
  to   space 4608K, 0% used [0x00000000ec880000,0x00000000ec880000,0x00000000ecd00000)
 ParOldGen       total 61952K, used 11331K [0x00000000c0000000, 0x00000000c3c80000, 0x00000000eab00000)
  object space 61952K, 18% used [0x00000000c0000000,0x00000000c0b10cf0,0x00000000c3c80000)
 Metaspace       used 21067K, capacity 21500K, committed 21632K, reserved 1069056K
  class space    used 2758K, capacity 2893K, committed 2944K, reserved 1048576K
Event: 5.178 GC heap after
Heap after GC invocations=6 (full 1):
 PSYoungGen      total 34816K, used 1056K [0x00000000eab00000, 0x00000000eed00000, 0x0000000100000000)
  eden space 30208K, 0% used [0x00000000eab00000,0x00000000eab00000,0x00000000ec880000)
  from space 4608K, 22% used [0x00000000ec880000,0x00000000ec988020,0x00000000ecd00000)
  to   space 11264K, 0% used [0x00000000ee200000,0x00000000ee200000,0x00000000eed00000)
 ParOldGen       total 61952K, used 11339K [0x00000000c0000000, 0x00000000c3c80000, 0x00000000eab00000)
  object space 61952K, 18% used [0x00000000c0000000,0x00000000c0b12cf0,0x00000000c3c80000)
 Metaspace       used 21067K, capacity 21500K, committed 21632K, reserved 1069056K
  class space    used 2758K, capacity 2893K, committed 2944K, reserved 1048576K
}
Event: 5.382 GC heap before
{Heap before GC invocations=7 (full 1):
 PSYoungGen      total 34816K, used 31264K [0x00000000eab00000, 0x00000000eed00000, 0x0000000100000000)
  eden space 30208K, 100% used [0x00000000eab00000,0x00000000ec880000,0x00000000ec880000)
  from space 4608K, 22% used [0x00000000ec880000,0x00000000ec988020,0x00000000ecd00000)
  to   space 11264K, 0% used [0x00000000ee200000,0x00000000ee200000,0x00000000eed00000)
 ParOldGen       total 61952K, used 11339K [0x00000000c0000000, 0x00000000c3c80000, 0x00000000eab00000)
  object space 61952K, 18% used [0x00000000c0000000,0x00000000c0b12cf0,0x00000000c3c80000)
 Metaspace       used 21116K, capacity 21500K, committed 21632K, reserved 1069056K
  class space    used 2759K, capacity 2893K, committed 2944K, reserved 1048576K
Event: 5.387 GC heap after
Heap after GC invocations=7 (full 1):
 PSYoungGen      total 56320K, used 1312K [0x00000000eab00000, 0x00000000eee00000, 0x0000000100000000)
  eden space 45056K, 0% used [0x00000000eab00000,0x00000000eab00000,0x00000000ed700000)
  from space 11264K, 11% used [0x00000000ee200000,0x00000000ee348030,0x00000000eed00000)
  to   space 11264K, 0% used [0x00000000ed700000,0x00000000ed700000,0x00000000ee200000)
 ParOldGen       total 61952K, used 11339K [0x00000000c0000000, 0x00000000c3c80000, 0x00000000eab00000)
  object space 61952K, 18% used [0x00000000c0000000,0x00000000c0b12cf0,0x00000000c3c80000)
 Metaspace       used 21116K, capacity 21500K, committed 21632K, reserved 1069056K
  class space    used 2759K, capacity 2893K, committed 2944K, reserved 1048576K
}
Event: 5.616 GC heap before
{Heap before GC invocations=8 (full 1):
 PSYoungGen      total 56320K, used 46368K [0x00000000eab00000, 0x00000000eee00000, 0x0000000100000000)
  eden space 45056K, 100% used [0x00000000eab00000,0x00000000ed700000,0x00000000ed700000)
  from space 11264K, 11% used [0x00000000ee200000,0x00000000ee348030,0x00000000eed00000)
  to   space 11264K, 0% used [0x00000000ed700000,0x00000000ed700000,0x00000000ee200000)
 ParOldGen       total 61952K, used 11339K [0x00000000c0000000, 0x00000000c3c80000, 0x00000000eab00000)
  object space 61952K, 18% used [0x00000000c0000000,0x00000000c0b12cf0,0x00000000c3c80000)
 Metaspace       used 21127K, capacity 21564K, committed 21632K, reserved 1069056K
  class space    used 2759K, capacity 2893K, committed 2944K, reserved 1048576K
Event: 5.621 GC heap after
Heap after GC invocations=8 (full 1):
 PSYoungGen      total 56320K, used 1792K [0x00000000eab00000, 0x00000000f0380000, 0x0000000100000000)
  eden space 45056K, 0% used [0x00000000eab00000,0x00000000eab00000,0x00000000ed700000)
  from space 11264K, 15% used [0x00000000ed700000,0x00000000ed8c0030,0x00000000ee200000)
  to   space 10752K, 0% used [0x00000000ef900000,0x00000000ef900000,0x00000000f0380000)
 ParOldGen       total 61952K, used 11347K [0x00000000c0000000, 0x00000000c3c80000, 0x00000000eab00000)
  object space 61952K, 18% used [0x00000000c0000000,0x00000000c0b14cf0,0x00000000c3c80000)
 Metaspace       used 21127K, capacity 21564K, committed 21632K, reserved 1069056K
  class space    used 2759K, capacity 2893K, committed 2944K, reserved 1048576K
}

